2025.02.13 10:11:12 INFO  Started: Metals version 1.5.1 in folders '/Users/mailund/Code/exercism/scala/grade-school' for client Visual Studio Code 1.97.1.[0m
Feb 13, 2025 10:11:14 AM org.eclipse.lsp4j.jsonrpc.services.GenericEndpoint notify
INFO: Unsupported notification method: $/setTrace
Feb 13, 2025 10:11:29 AM org.eclipse.lsp4j.jsonrpc.services.GenericEndpoint notify
WARNING: Unsupported notification method: metals/windowStateDidChange
2025.02.13 10:11:38 INFO  no build target found for /Users/mailund/Code/exercism/scala/grade-school/src/test/scala/GradeSchoolTest.scala. Using presentation compiler with project's scala-library version: 3.3.4[0m
2025.02.13 10:11:42 INFO  no build target found for /Users/mailund/Code/exercism/scala/grade-school/src/main/scala/GradeSchool.scala. Using presentation compiler with project's scala-library version: 3.3.4[0m
2025.02.13 10:12:48 INFO  no build target found for /Users/mailund/Code/exercism/scala/grade-school/src/test/scala/GradeSchoolTest.scala. Using presentation compiler with project's scala-library version: 3.3.4[0m
2025.02.13 10:12:52 INFO  no build target found for /Users/mailund/Code/exercism/scala/grade-school/src/test/scala/GradeSchoolTest.scala. Using presentation compiler with project's scala-library version: 3.3.4[0m
2025.02.13 10:12:52 INFO  no build target found for /Users/mailund/Code/exercism/scala/grade-school/src/test/scala/GradeSchoolTest.scala. Using presentation compiler with project's scala-library version: 3.3.4[0m
2025.02.13 10:12:52 INFO  no build target found for /Users/mailund/Code/exercism/scala/grade-school/src/test/scala/GradeSchoolTest.scala. Using presentation compiler with project's scala-library version: 3.3.4[0m
2025.02.13 10:12:52 INFO  no build target found for /Users/mailund/Code/exercism/scala/grade-school/src/test/scala/GradeSchoolTest.scala. Using presentation compiler with project's scala-library version: 3.3.4[0m
2025.02.13 10:12:53 INFO  no build target found for /Users/mailund/Code/exercism/scala/grade-school/src/test/scala/GradeSchoolTest.scala. Using presentation compiler with project's scala-library version: 3.3.4[0m
2025.02.13 10:12:53 INFO  no build target found for /Users/mailund/Code/exercism/scala/grade-school/src/test/scala/GradeSchoolTest.scala. Using presentation compiler with project's scala-library version: 3.3.4[0m
2025.02.13 10:12:54 INFO  no build target found for /Users/mailund/Code/exercism/scala/grade-school/src/main/scala/GradeSchool.scala. Using presentation compiler with project's scala-library version: 3.3.4[0m
Feb 13, 2025 10:13:14 AM org.eclipse.lsp4j.jsonrpc.services.GenericEndpoint notify
WARNING: Unsupported notification method: metals/windowStateDidChange
Feb 13, 2025 10:13:35 AM org.eclipse.lsp4j.jsonrpc.services.GenericEndpoint notify
WARNING: Unsupported notification method: metals/windowStateDidChange
2025.02.13 10:13:35 INFO  running '/Users/mailund/Library/Application Support/Coursier/bin/sbt -Dbloop.export-jar-classifiers=sources bloopInstall'[0m
2025.02.13 10:13:35 WARN  no build target for: /Users/mailund/Code/exercism/scala/grade-school/project/metals.sbt[0m
2025.02.13 10:13:36 WARN  no build target for: /Users/mailund/Code/exercism/scala/grade-school/project/project/metals.sbt[0m
2025.02.13 10:13:36 INFO  no build target found for /Users/mailund/Code/exercism/scala/grade-school/project/project/metals.sbt. Using presentation compiler with project's scala-library version: 3.3.4[0m
2025.02.13 10:13:35 INFO  no build target found for /Users/mailund/Code/exercism/scala/grade-school/project/metals.sbt. Using presentation compiler with project's scala-library version: 3.3.4[0m
2025.02.13 10:13:36 ERROR Feb 13, 2025 10:13:36 AM org.jline.utils.Log logr[0m
2025.02.13 10:13:36 ERROR WARNING: Unable to create a system terminal, creating a dumb terminal (enable debug logging for more information)[0m
2025.02.13 10:13:36 INFO  [info] welcome to sbt 1.10.1 (Homebrew Java 23.0.2)[0m
2025.02.13 10:13:36 INFO  [info] loading settings for project grade-school-build-build from metals.sbt ...[0m
2025.02.13 10:13:37 INFO  [info] loading project definition from /Users/mailund/Code/exercism/scala/grade-school/project/project[0m
2025.02.13 10:13:37 INFO  [0m
2025.02.13 10:13:37 INFO    | => grade-school-build-build / Compile / compileIncremental 0s[0m
2025.02.13 10:13:37 INFO  [info] loading settings for project grade-school-build from metals.sbt ...[0m
2025.02.13 10:13:37 INFO  [info] loading project definition from /Users/mailund/Code/exercism/scala/grade-school/project[0m
2025.02.13 10:13:39 INFO  [0m
2025.02.13 10:13:39 INFO    | => grade-school-build / update 0s[0m
2025.02.13 10:13:39 INFO    | => grade-school-build / updateSbtClassifiers 0s[0m
2025.02.13 10:13:39 INFO  [success] Generated .bloop/grade-school-build.json[0m
2025.02.13 10:13:39 INFO  [success] Total time: 1 s, completed 13 Feb 2025, 10.13.39[0m
2025.02.13 10:13:39 INFO  [info] loading settings for project grade-school from build.sbt ...[0m
2025.02.13 10:13:39 INFO  [info] set current project to grade-school (in build file:/Users/mailund/Code/exercism/scala/grade-school/)[0m
2025.02.13 10:13:39 INFO  [0m
2025.02.13 10:13:39 INFO    | => grade-school / updateClassifiers 0s[0m
2025.02.13 10:13:39 INFO  [success] Generated .bloop/grade-school.json[0m
2025.02.13 10:13:39 INFO  [0m
2025.02.13 10:13:39 INFO    | => grade-school / updateClassifiers 0s[0m
2025.02.13 10:13:39 INFO  [success] Generated .bloop/grade-school-test.json[0m
2025.02.13 10:13:39 INFO  [0m
2025.02.13 10:13:39 INFO    | => grade-school / updateClassifiers 0s[0m
2025.02.13 10:13:39 INFO  [success] Total time: 0 s, completed 13 Feb 2025, 10.13.40[0m
2025.02.13 10:13:39 INFO  [0m
2025.02.13 10:13:40 INFO  time: ran 'sbt bloopInstall' in 4.34s[0m
2025.02.13 10:13:40 INFO  Attempting to connect to the build server...[0m
2025.02.13 10:13:40 INFO  Found a Bloop server running[0m
2025.02.13 10:13:40 INFO  tracing is disabled for protocol BSP, to enable tracing of incoming and outgoing JSON messages create an empty file at /Users/mailund/Code/exercism/scala/grade-school/.metals/bsp.trace.json or /Users/mailund/Library/Caches/org.scalameta.metals/bsp.trace.json[0m
2025.02.13 10:13:40 INFO  Attempting to connect to the build server...[0m
2025.02.13 10:13:40 INFO  Found a Bloop server running[0m
2025.02.13 10:13:40 INFO  tracing is disabled for protocol BSP, to enable tracing of incoming and outgoing JSON messages create an empty file at /Users/mailund/Code/exercism/scala/grade-school/project/.metals/bsp.trace.json or /Users/mailund/Library/Caches/org.scalameta.metals/bsp.trace.json[0m
2025.02.13 10:13:40 INFO  time: Connected to build server in 0.3s[0m
2025.02.13 10:13:40 INFO  Connected to Build server: Bloop v2.0.8[0m
2025.02.13 10:13:40 INFO  running doctor check[0m
2025.02.13 10:13:40 INFO  java targets: grade-school-build, grade-school-test, grade-school[0m
2025.02.13 10:13:44 INFO  time: indexed workspace in 4.36s[0m
2025.02.13 10:13:44 WARN  Bloop is running with 17.0.14 but your code requires 23.0.2 to compile, this might cause some compilation issues when using JDK API unsupported by the Bloop's current JVM version[0m
2025.02.13 10:13:44 INFO  compiling grade-school (1 scala source)[0m
2025.02.13 10:13:44 WARN  Bloop is running with 17.0.14 but your code requires 23.0.2 to compile, this might cause some compilation issues when using JDK API unsupported by the Bloop's current JVM version[0m
2025.02.13 10:13:44 INFO  compiling grade-school-test (1 scala source)[0m
2025.02.13 10:13:44 INFO  time: compiled grade-school in 0.29s[0m
2025.02.13 10:13:44 INFO  time: compiled grade-school-test in 0.52s[0m
2025.02.13 10:13:44 WARN  Bloop is running with 17.0.14 but your code requires 23.0.2 to compile, this might cause some compilation issues when using JDK API unsupported by the Bloop's current JVM version[0m
2025.02.13 10:13:44 WARN  Bloop is running with 17.0.14 but your code requires 23.0.2 to compile, this might cause some compilation issues when using JDK API unsupported by the Bloop's current JVM version[0m
2025.02.13 10:13:44 WARN  Bloop is running with 17.0.14 but your code requires 23.0.2 to compile, this might cause some compilation issues when using JDK API unsupported by the Bloop's current JVM version[0m
2025.02.13 10:13:51 WARN  Bloop is running with 17.0.14 but your code requires 23.0.2 to compile, this might cause some compilation issues when using JDK API unsupported by the Bloop's current JVM version[0m
2025.02.13 10:13:51 WARN  Bloop is running with 17.0.14 but your code requires 23.0.2 to compile, this might cause some compilation issues when using JDK API unsupported by the Bloop's current JVM version[0m
2025.02.13 10:13:51 WARN  Bloop is running with 17.0.14 but your code requires 23.0.2 to compile, this might cause some compilation issues when using JDK API unsupported by the Bloop's current JVM version[0m
2025.02.13 10:13:51 WARN  Bloop is running with 17.0.14 but your code requires 23.0.2 to compile, this might cause some compilation issues when using JDK API unsupported by the Bloop's current JVM version[0m
2025.02.13 10:13:51 INFO  tracing is disabled for protocol dap-server, to enable tracing of incoming and outgoing JSON messages create an empty file at /Users/mailund/Code/exercism/scala/grade-school/.metals/dap-server.trace.json or /Users/mailund/Library/Caches/org.scalameta.metals/dap-server.trace.json[0m
2025.02.13 10:13:51 INFO  tracing is disabled for protocol dap-client, to enable tracing of incoming and outgoing JSON messages create an empty file at /Users/mailund/Code/exercism/scala/grade-school/.metals/dap-client.trace.json or /Users/mailund/Library/Caches/org.scalameta.metals/dap-client.trace.json[0m
2025.02.13 10:13:51 INFO  Starting debug proxy for [GradeSchoolTest()][0m
2025.02.13 10:13:51 INFO  Initialized Scala 3 decoder in 1 millisecond[0m
2025.02.13 10:13:51 INFO  Trying to attach to remote debuggee VM localhost:59882 .[0m
2025.02.13 10:13:51 INFO  Attaching to debuggee VM succeeded.[0m
2025.02.13 10:13:52 INFO  Canceling debug proxy for [GradeSchoolTest()][0m
2025.02.13 10:13:51 INFO  Closing debug server tcp://0.0.0.0:59878[0m
2025.02.13 10:14:05 WARN  Bloop is running with 17.0.14 but your code requires 23.0.2 to compile, this might cause some compilation issues when using JDK API unsupported by the Bloop's current JVM version[0m
2025.02.13 10:14:05 INFO  compiling grade-school (1 scala source)[0m
2025.02.13 10:14:05 INFO  time: compiled grade-school in 0.14s[0m
2025.02.13 10:14:07 WARN  Bloop is running with 17.0.14 but your code requires 23.0.2 to compile, this might cause some compilation issues when using JDK API unsupported by the Bloop's current JVM version[0m
2025.02.13 10:14:07 WARN  Bloop is running with 17.0.14 but your code requires 23.0.2 to compile, this might cause some compilation issues when using JDK API unsupported by the Bloop's current JVM version[0m
2025.02.13 10:14:07 WARN  Bloop is running with 17.0.14 but your code requires 23.0.2 to compile, this might cause some compilation issues when using JDK API unsupported by the Bloop's current JVM version[0m
2025.02.13 10:14:07 WARN  Bloop is running with 17.0.14 but your code requires 23.0.2 to compile, this might cause some compilation issues when using JDK API unsupported by the Bloop's current JVM version[0m
2025.02.13 10:14:07 INFO  tracing is disabled for protocol dap-server, to enable tracing of incoming and outgoing JSON messages create an empty file at /Users/mailund/Code/exercism/scala/grade-school/.metals/dap-server.trace.json or /Users/mailund/Library/Caches/org.scalameta.metals/dap-server.trace.json[0m
2025.02.13 10:14:07 INFO  tracing is disabled for protocol dap-client, to enable tracing of incoming and outgoing JSON messages create an empty file at /Users/mailund/Code/exercism/scala/grade-school/.metals/dap-client.trace.json or /Users/mailund/Library/Caches/org.scalameta.metals/dap-client.trace.json[0m
2025.02.13 10:14:07 INFO  Starting debug proxy for [GradeSchoolTest(empty school)][0m
2025.02.13 10:14:07 INFO  Initialized Scala 3 decoder in 0 milliseconds[0m
2025.02.13 10:14:07 INFO  Trying to attach to remote debuggee VM localhost:59898 .[0m
2025.02.13 10:14:07 INFO  Attaching to debuggee VM succeeded.[0m
2025.02.13 10:14:07 INFO  Canceling debug proxy for [GradeSchoolTest(empty school)][0m
2025.02.13 10:14:07 INFO  Closing debug server tcp://0.0.0.0:59893[0m
2025.02.13 10:14:33 WARN  Bloop is running with 17.0.14 but your code requires 23.0.2 to compile, this might cause some compilation issues when using JDK API unsupported by the Bloop's current JVM version[0m
2025.02.13 10:14:57 WARN  Bloop is running with 17.0.14 but your code requires 23.0.2 to compile, this might cause some compilation issues when using JDK API unsupported by the Bloop's current JVM version[0m
2025.02.13 10:14:57 INFO  compiling grade-school (1 scala source)[0m
2025.02.13 10:14:57 INFO  time: compiled grade-school in 0.14s[0m
2025.02.13 10:15:02 WARN  Bloop is running with 17.0.14 but your code requires 23.0.2 to compile, this might cause some compilation issues when using JDK API unsupported by the Bloop's current JVM version[0m
2025.02.13 10:15:02 WARN  Bloop is running with 17.0.14 but your code requires 23.0.2 to compile, this might cause some compilation issues when using JDK API unsupported by the Bloop's current JVM version[0m
2025.02.13 10:15:02 INFO  compiling grade-school-test (1 scala source)[0m
2025.02.13 10:15:02 INFO  time: compiled grade-school-test in 0.38s[0m
2025.02.13 10:15:04 WARN  Bloop is running with 17.0.14 but your code requires 23.0.2 to compile, this might cause some compilation issues when using JDK API unsupported by the Bloop's current JVM version[0m
2025.02.13 10:15:04 WARN  Bloop is running with 17.0.14 but your code requires 23.0.2 to compile, this might cause some compilation issues when using JDK API unsupported by the Bloop's current JVM version[0m
2025.02.13 10:15:04 INFO  compiling grade-school-test (1 scala source)[0m
2025.02.13 10:15:04 INFO  time: compiled grade-school-test in 0.33s[0m
2025.02.13 10:15:06 WARN  Bloop is running with 17.0.14 but your code requires 23.0.2 to compile, this might cause some compilation issues when using JDK API unsupported by the Bloop's current JVM version[0m
2025.02.13 10:15:06 WARN  Bloop is running with 17.0.14 but your code requires 23.0.2 to compile, this might cause some compilation issues when using JDK API unsupported by the Bloop's current JVM version[0m
2025.02.13 10:15:06 WARN  Bloop is running with 17.0.14 but your code requires 23.0.2 to compile, this might cause some compilation issues when using JDK API unsupported by the Bloop's current JVM version[0m
2025.02.13 10:15:06 WARN  Bloop is running with 17.0.14 but your code requires 23.0.2 to compile, this might cause some compilation issues when using JDK API unsupported by the Bloop's current JVM version[0m
2025.02.13 10:15:06 INFO  tracing is disabled for protocol dap-server, to enable tracing of incoming and outgoing JSON messages create an empty file at /Users/mailund/Code/exercism/scala/grade-school/.metals/dap-server.trace.json or /Users/mailund/Library/Caches/org.scalameta.metals/dap-server.trace.json[0m
2025.02.13 10:15:06 INFO  tracing is disabled for protocol dap-client, to enable tracing of incoming and outgoing JSON messages create an empty file at /Users/mailund/Code/exercism/scala/grade-school/.metals/dap-client.trace.json or /Users/mailund/Library/Caches/org.scalameta.metals/dap-client.trace.json[0m
2025.02.13 10:15:06 INFO  Starting debug proxy for [GradeSchoolTest(add student)][0m
2025.02.13 10:15:06 INFO  Initialized Scala 3 decoder in 0 milliseconds[0m
2025.02.13 10:15:06 INFO  Trying to attach to remote debuggee VM localhost:59920 .[0m
2025.02.13 10:15:06 INFO  Attaching to debuggee VM succeeded.[0m
2025.02.13 10:15:07 INFO  Canceling debug proxy for [GradeSchoolTest(add student)][0m
2025.02.13 10:15:06 INFO  Closing debug server tcp://0.0.0.0:59916[0m
2025.02.13 10:15:50 WARN  Bloop is running with 17.0.14 but your code requires 23.0.2 to compile, this might cause some compilation issues when using JDK API unsupported by the Bloop's current JVM version[0m
2025.02.13 10:16:25 WARN  Bloop is running with 17.0.14 but your code requires 23.0.2 to compile, this might cause some compilation issues when using JDK API unsupported by the Bloop's current JVM version[0m
2025.02.13 10:16:25 WARN  Bloop is running with 17.0.14 but your code requires 23.0.2 to compile, this might cause some compilation issues when using JDK API unsupported by the Bloop's current JVM version[0m
Feb 13, 2025 10:16:38 AM org.eclipse.lsp4j.jsonrpc.services.GenericEndpoint notify
WARNING: Unsupported notification method: metals/windowStateDidChange
2025.02.13 10:16:59 WARN  Bloop is running with 17.0.14 but your code requires 23.0.2 to compile, this might cause some compilation issues when using JDK API unsupported by the Bloop's current JVM version[0m
Feb 13, 2025 10:16:59 AM org.eclipse.lsp4j.jsonrpc.services.GenericEndpoint notify
WARNING: Unsupported notification method: metals/windowStateDidChange
2025.02.13 10:17:03 WARN  Bloop is running with 17.0.14 but your code requires 23.0.2 to compile, this might cause some compilation issues when using JDK API unsupported by the Bloop's current JVM version[0m
2025.02.13 10:17:03 INFO  compiling grade-school (1 scala source)[0m
2025.02.13 10:17:03 INFO  time: compiled grade-school in 0.1s[0m
2025.02.13 10:17:06 WARN  Bloop is running with 17.0.14 but your code requires 23.0.2 to compile, this might cause some compilation issues when using JDK API unsupported by the Bloop's current JVM version[0m
2025.02.13 10:17:06 INFO  compiling grade-school (1 scala source)[0m
2025.02.13 10:17:06 INFO  time: compiled grade-school in 0.22s[0m
2025.02.13 10:17:31 WARN  Bloop is running with 17.0.14 but your code requires 23.0.2 to compile, this might cause some compilation issues when using JDK API unsupported by the Bloop's current JVM version[0m
2025.02.13 10:17:31 INFO  compiling grade-school (1 scala source)[0m
2025.02.13 10:17:31 INFO  time: compiled grade-school in 0.28s[0m
2025.02.13 10:17:39 WARN  Bloop is running with 17.0.14 but your code requires 23.0.2 to compile, this might cause some compilation issues when using JDK API unsupported by the Bloop's current JVM version[0m
2025.02.13 10:17:39 INFO  compiling grade-school (1 scala source)[0m
2025.02.13 10:17:39 INFO  time: compiled grade-school in 0.18s[0m
2025.02.13 10:18:06 WARN  Bloop is running with 17.0.14 but your code requires 23.0.2 to compile, this might cause some compilation issues when using JDK API unsupported by the Bloop's current JVM version[0m
2025.02.13 10:18:06 INFO  compiling grade-school (1 scala source)[0m
2025.02.13 10:18:06 INFO  time: compiled grade-school in 0.26s[0m
2025.02.13 10:18:11 WARN  Bloop is running with 17.0.14 but your code requires 23.0.2 to compile, this might cause some compilation issues when using JDK API unsupported by the Bloop's current JVM version[0m
2025.02.13 10:18:11 WARN  Bloop is running with 17.0.14 but your code requires 23.0.2 to compile, this might cause some compilation issues when using JDK API unsupported by the Bloop's current JVM version[0m
2025.02.13 10:18:11 INFO  time: compiled grade-school-test in 4ms[0m
2025.02.13 10:18:11 WARN  Bloop is running with 17.0.14 but your code requires 23.0.2 to compile, this might cause some compilation issues when using JDK API unsupported by the Bloop's current JVM version[0m
2025.02.13 10:18:11 WARN  Bloop is running with 17.0.14 but your code requires 23.0.2 to compile, this might cause some compilation issues when using JDK API unsupported by the Bloop's current JVM version[0m
2025.02.13 10:18:12 INFO  tracing is disabled for protocol dap-server, to enable tracing of incoming and outgoing JSON messages create an empty file at /Users/mailund/Code/exercism/scala/grade-school/.metals/dap-server.trace.json or /Users/mailund/Library/Caches/org.scalameta.metals/dap-server.trace.json[0m
2025.02.13 10:18:12 INFO  tracing is disabled for protocol dap-client, to enable tracing of incoming and outgoing JSON messages create an empty file at /Users/mailund/Code/exercism/scala/grade-school/.metals/dap-client.trace.json or /Users/mailund/Library/Caches/org.scalameta.metals/dap-client.trace.json[0m
2025.02.13 10:18:12 INFO  Starting debug proxy for [GradeSchoolTest(add student)][0m
2025.02.13 10:18:11 INFO  Initialized Scala 3 decoder in 0 milliseconds[0m
2025.02.13 10:18:11 INFO  Trying to attach to remote debuggee VM localhost:59948 .[0m
2025.02.13 10:18:11 INFO  Attaching to debuggee VM succeeded.[0m
2025.02.13 10:18:12 INFO  Canceling debug proxy for [GradeSchoolTest(add student)][0m
2025.02.13 10:18:11 INFO  Closing debug server tcp://0.0.0.0:59944[0m
2025.02.13 10:18:23 WARN  Bloop is running with 17.0.14 but your code requires 23.0.2 to compile, this might cause some compilation issues when using JDK API unsupported by the Bloop's current JVM version[0m
2025.02.13 10:18:23 INFO  compiling grade-school (1 scala source)[0m
2025.02.13 10:18:23 INFO  time: compiled grade-school in 0.12s[0m
Feb 13, 2025 10:18:26 AM org.eclipse.lsp4j.jsonrpc.services.GenericEndpoint notify
WARNING: Unsupported notification method: metals/windowStateDidChange
Feb 13, 2025 10:18:54 AM org.eclipse.lsp4j.jsonrpc.services.GenericEndpoint notify
WARNING: Unsupported notification method: metals/windowStateDidChange
2025.02.13 10:19:30 WARN  Bloop is running with 17.0.14 but your code requires 23.0.2 to compile, this might cause some compilation issues when using JDK API unsupported by the Bloop's current JVM version[0m
2025.02.13 10:19:30 INFO  compiling grade-school (1 scala source)[0m
2025.02.13 10:19:30 INFO  time: compiled grade-school in 0.14s[0m
2025.02.13 10:19:37 WARN  Bloop is running with 17.0.14 but your code requires 23.0.2 to compile, this might cause some compilation issues when using JDK API unsupported by the Bloop's current JVM version[0m
2025.02.13 10:19:37 INFO  compiling grade-school (1 scala source)[0m
2025.02.13 10:19:37 INFO  time: compiled grade-school in 0.14s[0m
2025.02.13 10:19:44 WARN  Bloop is running with 17.0.14 but your code requires 23.0.2 to compile, this might cause some compilation issues when using JDK API unsupported by the Bloop's current JVM version[0m
2025.02.13 10:19:44 INFO  compiling grade-school (1 scala source)[0m
2025.02.13 10:19:44 INFO  time: compiled grade-school in 0.11s[0m
2025.02.13 10:19:46 WARN  Bloop is running with 17.0.14 but your code requires 23.0.2 to compile, this might cause some compilation issues when using JDK API unsupported by the Bloop's current JVM version[0m
2025.02.13 10:19:46 WARN  Bloop is running with 17.0.14 but your code requires 23.0.2 to compile, this might cause some compilation issues when using JDK API unsupported by the Bloop's current JVM version[0m
2025.02.13 10:19:46 WARN  Bloop is running with 17.0.14 but your code requires 23.0.2 to compile, this might cause some compilation issues when using JDK API unsupported by the Bloop's current JVM version[0m
2025.02.13 10:19:46 WARN  Bloop is running with 17.0.14 but your code requires 23.0.2 to compile, this might cause some compilation issues when using JDK API unsupported by the Bloop's current JVM version[0m
2025.02.13 10:19:46 INFO  tracing is disabled for protocol dap-server, to enable tracing of incoming and outgoing JSON messages create an empty file at /Users/mailund/Code/exercism/scala/grade-school/.metals/dap-server.trace.json or /Users/mailund/Library/Caches/org.scalameta.metals/dap-server.trace.json[0m
2025.02.13 10:19:46 INFO  tracing is disabled for protocol dap-client, to enable tracing of incoming and outgoing JSON messages create an empty file at /Users/mailund/Code/exercism/scala/grade-school/.metals/dap-client.trace.json or /Users/mailund/Library/Caches/org.scalameta.metals/dap-client.trace.json[0m
2025.02.13 10:19:46 INFO  Starting debug proxy for [GradeSchoolTest(add student)][0m
2025.02.13 10:19:46 INFO  Initialized Scala 3 decoder in 0 milliseconds[0m
2025.02.13 10:19:46 INFO  Trying to attach to remote debuggee VM localhost:59980 .[0m
2025.02.13 10:19:46 INFO  Attaching to debuggee VM succeeded.[0m
2025.02.13 10:19:46 INFO  Canceling debug proxy for [GradeSchoolTest(add student)][0m
2025.02.13 10:19:46 INFO  Closing debug server tcp://0.0.0.0:59976[0m
2025.02.13 10:20:04 WARN  Bloop is running with 17.0.14 but your code requires 23.0.2 to compile, this might cause some compilation issues when using JDK API unsupported by the Bloop's current JVM version[0m
2025.02.13 10:20:04 INFO  compiling grade-school (1 scala source)[0m
2025.02.13 10:20:04 INFO  time: compiled grade-school in 0.17s[0m
2025.02.13 10:20:12 WARN  Bloop is running with 17.0.14 but your code requires 23.0.2 to compile, this might cause some compilation issues when using JDK API unsupported by the Bloop's current JVM version[0m
2025.02.13 10:20:12 INFO  time: compiled grade-school in 2ms[0m
2025.02.13 10:20:40 WARN  Bloop is running with 17.0.14 but your code requires 23.0.2 to compile, this might cause some compilation issues when using JDK API unsupported by the Bloop's current JVM version[0m
2025.02.13 10:20:40 WARN  Bloop is running with 17.0.14 but your code requires 23.0.2 to compile, this might cause some compilation issues when using JDK API unsupported by the Bloop's current JVM version[0m
2025.02.13 10:20:40 WARN  Bloop is running with 17.0.14 but your code requires 23.0.2 to compile, this might cause some compilation issues when using JDK API unsupported by the Bloop's current JVM version[0m
2025.02.13 10:20:40 INFO  compiling grade-school (1 scala source)[0m
2025.02.13 10:20:40 INFO  time: compiled grade-school in 76ms[0m
2025.02.13 10:20:40 WARN  Bloop is running with 17.0.14 but your code requires 23.0.2 to compile, this might cause some compilation issues when using JDK API unsupported by the Bloop's current JVM version[0m
2025.02.13 10:20:40 INFO  compiling grade-school (1 scala source)[0m
2025.02.13 10:20:40 INFO  time: compiled grade-school in 42ms[0m
2025.02.13 10:20:40 WARN  Bloop is running with 17.0.14 but your code requires 23.0.2 to compile, this might cause some compilation issues when using JDK API unsupported by the Bloop's current JVM version[0m
2025.02.13 10:20:40 INFO  compiling grade-school (1 scala source)[0m
2025.02.13 10:20:40 INFO  time: compiled grade-school in 39ms[0m
2025.02.13 10:20:40 INFO  Failed to run request with params DebugSessionAddress
org.eclipse.lsp4j.jsonrpc.ResponseErrorException: Compilation not successful
	at org.eclipse.lsp4j.jsonrpc.RemoteEndpoint.handleResponse(RemoteEndpoint.java:220)
	at org.eclipse.lsp4j.jsonrpc.RemoteEndpoint.consume(RemoteEndpoint.java:204)
	at scala.meta.internal.metals.RequestMonitorImpl$$anon$1.consume(ServerLivenessMonitor.scala:41)
	at org.eclipse.lsp4j.jsonrpc.json.StreamMessageProducer.handleMessage(StreamMessageProducer.java:185)
	at org.eclipse.lsp4j.jsonrpc.json.StreamMessageProducer.listen(StreamMessageProducer.java:97)
	at org.eclipse.lsp4j.jsonrpc.json.ConcurrentMessageProcessor.run(ConcurrentMessageProcessor.java:114)
	at java.util.concurrent.Executors$RunnableAdapter.call(Executors.java:572)
	at java.util.concurrent.FutureTask.run(FutureTask.java:317)
	at java.util.concurrent.ThreadPoolExecutor.runWorker(ThreadPoolExecutor.java:1144)
	at java.util.concurrent.ThreadPoolExecutor$Worker.run(ThreadPoolExecutor.java:642)
	at java.lang.Thread.run(Thread.java:1575)
[0m
Feb 13, 2025 10:20:40 AM org.eclipse.lsp4j.jsonrpc.RemoteEndpoint fallbackResponseError
SEVERE: Internal error: scala.meta.internal.metals.MetalsBspException: BSP connection failed in the attempt to get: DebugSessionAddress
java.util.concurrent.CompletionException: scala.meta.internal.metals.MetalsBspException: BSP connection failed in the attempt to get: DebugSessionAddress
	at java.base/java.util.concurrent.CompletableFuture.wrapInCompletionException(CompletableFuture.java:323)
	at java.base/java.util.concurrent.CompletableFuture.encodeThrowable(CompletableFuture.java:376)
	at java.base/java.util.concurrent.CompletableFuture.completeThrowable(CompletableFuture.java:391)
	at java.base/java.util.concurrent.CompletableFuture$UniAccept.tryFire(CompletableFuture.java:752)
	at java.base/java.util.concurrent.CompletableFuture.postComplete(CompletableFuture.java:554)
	at java.base/java.util.concurrent.CompletableFuture.completeExceptionally(CompletableFuture.java:2238)
	at scala.concurrent.java8.FuturesConvertersImpl$CF.apply(FutureConvertersImpl.scala:29)
	at scala.concurrent.java8.FuturesConvertersImpl$CF.apply(FutureConvertersImpl.scala:26)
	at scala.concurrent.impl.Promise$Transformation.run(Promise.scala:484)
	at scala.concurrent.ExecutionContext$parasitic$.execute(ExecutionContext.scala:222)
	at scala.concurrent.impl.Promise$Transformation.submitWithValue(Promise.scala:429)
	at scala.concurrent.impl.Promise$DefaultPromise.submitWithValue(Promise.scala:338)
	at scala.concurrent.impl.Promise$DefaultPromise.tryComplete0(Promise.scala:285)
	at scala.concurrent.impl.Promise$Transformation.run(Promise.scala:504)
	at java.base/java.util.concurrent.ThreadPoolExecutor.runWorker(ThreadPoolExecutor.java:1144)
	at java.base/java.util.concurrent.ThreadPoolExecutor$Worker.run(ThreadPoolExecutor.java:642)
	at java.base/java.lang.Thread.run(Thread.java:1575)
Caused by: scala.meta.internal.metals.MetalsBspException: BSP connection failed in the attempt to get: DebugSessionAddress
	at scala.meta.internal.metals.BuildServerConnection$$anonfun$1.$anonfun$applyOrElse$9(BuildServerConnection.scala:559)
	at scala.Option.getOrElse(Option.scala:201)
	at scala.meta.internal.metals.BuildServerConnection$$anonfun$1.applyOrElse(BuildServerConnection.scala:559)
	at scala.meta.internal.metals.BuildServerConnection$$anonfun$1.applyOrElse(BuildServerConnection.scala:534)
	at scala.concurrent.impl.Promise$Transformation.run(Promise.scala:490)
	... 3 more
Caused by: org.eclipse.lsp4j.jsonrpc.ResponseErrorException: Compilation not successful
	at org.eclipse.lsp4j.jsonrpc.RemoteEndpoint.handleResponse(RemoteEndpoint.java:220)
	at org.eclipse.lsp4j.jsonrpc.RemoteEndpoint.consume(RemoteEndpoint.java:204)
	at scala.meta.internal.metals.RequestMonitorImpl$$anon$1.consume(ServerLivenessMonitor.scala:41)
	at org.eclipse.lsp4j.jsonrpc.json.StreamMessageProducer.handleMessage(StreamMessageProducer.java:185)
	at org.eclipse.lsp4j.jsonrpc.json.StreamMessageProducer.listen(StreamMessageProducer.java:97)
	at org.eclipse.lsp4j.jsonrpc.json.ConcurrentMessageProcessor.run(ConcurrentMessageProcessor.java:114)
	at java.base/java.util.concurrent.Executors$RunnableAdapter.call(Executors.java:572)
	at java.base/java.util.concurrent.FutureTask.run(FutureTask.java:317)
	... 3 more

2025.02.13 10:20:45 WARN  Bloop is running with 17.0.14 but your code requires 23.0.2 to compile, this might cause some compilation issues when using JDK API unsupported by the Bloop's current JVM version[0m
2025.02.13 10:20:45 INFO  compiling grade-school (1 scala source)[0m
2025.02.13 10:20:45 INFO  time: compiled grade-school in 61ms[0m
Feb 13, 2025 10:20:45 AM org.eclipse.lsp4j.jsonrpc.RemoteEndpoint fallbackResponseError
SEVERE: Internal error: scala.meta.internal.metals.debug.DiscoveryFailures$WorkspaceErrorsException$: Cannot run class, since the workspace has errors.
java.util.concurrent.CompletionException: scala.meta.internal.metals.debug.DiscoveryFailures$WorkspaceErrorsException$: Cannot run class, since the workspace has errors.
	at java.base/java.util.concurrent.CompletableFuture.wrapInCompletionException(CompletableFuture.java:323)
	at java.base/java.util.concurrent.CompletableFuture.encodeThrowable(CompletableFuture.java:376)
	at java.base/java.util.concurrent.CompletableFuture.completeThrowable(CompletableFuture.java:391)
	at java.base/java.util.concurrent.CompletableFuture$UniAccept.tryFire(CompletableFuture.java:752)
	at java.base/java.util.concurrent.CompletableFuture.postComplete(CompletableFuture.java:554)
	at java.base/java.util.concurrent.CompletableFuture.completeExceptionally(CompletableFuture.java:2238)
	at scala.concurrent.java8.FuturesConvertersImpl$CF.apply(FutureConvertersImpl.scala:29)
	at scala.concurrent.java8.FuturesConvertersImpl$CF.apply(FutureConvertersImpl.scala:26)
	at scala.concurrent.impl.Promise$Transformation.run(Promise.scala:484)
	at scala.concurrent.ExecutionContext$parasitic$.execute(ExecutionContext.scala:222)
	at scala.concurrent.impl.Promise$Transformation.submitWithValue(Promise.scala:429)
	at scala.concurrent.impl.Promise$DefaultPromise.submitWithValue(Promise.scala:338)
	at scala.concurrent.impl.Promise$DefaultPromise.tryComplete0(Promise.scala:285)
	at scala.concurrent.impl.Promise$Transformation.run(Promise.scala:504)
	at java.base/java.util.concurrent.ThreadPoolExecutor.runWorker(ThreadPoolExecutor.java:1144)
	at java.base/java.util.concurrent.ThreadPoolExecutor$Worker.run(ThreadPoolExecutor.java:642)
	at java.base/java.lang.Thread.run(Thread.java:1575)
Caused by: scala.meta.internal.metals.debug.DiscoveryFailures$WorkspaceErrorsException$: Cannot run class, since the workspace has errors.
	at scala.meta.internal.metals.debug.DiscoveryFailures$WorkspaceErrorsException$.<clinit>(DiscoveryFailures.scala:53)
	at scala.meta.internal.metals.debug.DebugProvider.ensureNoWorkspaceErrors(DebugProvider.scala:453)
	at scala.meta.internal.metals.debug.DebugProvider.$anonfun$startTestSuite$5(DebugProvider.scala:625)
	at scala.concurrent.impl.Promise$Transformation.run(Promise.scala:470)
	... 3 more

2025.02.13 10:20:52 WARN  Bloop is running with 17.0.14 but your code requires 23.0.2 to compile, this might cause some compilation issues when using JDK API unsupported by the Bloop's current JVM version[0m
2025.02.13 10:20:52 INFO  compiling grade-school (1 scala source)[0m
2025.02.13 10:20:52 INFO  time: compiled grade-school in 64ms[0m
2025.02.13 10:21:14 WARN  Bloop is running with 17.0.14 but your code requires 23.0.2 to compile, this might cause some compilation issues when using JDK API unsupported by the Bloop's current JVM version[0m
2025.02.13 10:21:14 INFO  compiling grade-school (1 scala source)[0m
2025.02.13 10:21:14 INFO  time: compiled grade-school in 0.12s[0m
2025.02.13 10:21:27 WARN  Bloop is running with 17.0.14 but your code requires 23.0.2 to compile, this might cause some compilation issues when using JDK API unsupported by the Bloop's current JVM version[0m
2025.02.13 10:21:27 INFO  compiling grade-school (1 scala source)[0m
2025.02.13 10:21:27 INFO  time: compiled grade-school in 70ms[0m
2025.02.13 10:21:36 WARN  Bloop is running with 17.0.14 but your code requires 23.0.2 to compile, this might cause some compilation issues when using JDK API unsupported by the Bloop's current JVM version[0m
2025.02.13 10:21:36 INFO  compiling grade-school (1 scala source)[0m
2025.02.13 10:21:36 INFO  time: compiled grade-school in 70ms[0m
2025.02.13 10:22:09 WARN  Bloop is running with 17.0.14 but your code requires 23.0.2 to compile, this might cause some compilation issues when using JDK API unsupported by the Bloop's current JVM version[0m
2025.02.13 10:22:09 INFO  compiling grade-school (1 scala source)[0m
2025.02.13 10:22:09 INFO  time: compiled grade-school in 59ms[0m
Feb 13, 2025 10:22:40 AM org.eclipse.lsp4j.jsonrpc.services.GenericEndpoint notify
WARNING: Unsupported notification method: metals/windowStateDidChange
Feb 13, 2025 10:23:15 AM org.eclipse.lsp4j.jsonrpc.services.GenericEndpoint notify
WARNING: Unsupported notification method: metals/windowStateDidChange
2025.02.13 10:23:33 WARN  Bloop is running with 17.0.14 but your code requires 23.0.2 to compile, this might cause some compilation issues when using JDK API unsupported by the Bloop's current JVM version[0m
2025.02.13 10:23:33 INFO  compiling grade-school (1 scala source)[0m
2025.02.13 10:23:33 INFO  time: compiled grade-school in 0.13s[0m
2025.02.13 10:23:36 WARN  Bloop is running with 17.0.14 but your code requires 23.0.2 to compile, this might cause some compilation issues when using JDK API unsupported by the Bloop's current JVM version[0m
2025.02.13 10:23:36 WARN  Bloop is running with 17.0.14 but your code requires 23.0.2 to compile, this might cause some compilation issues when using JDK API unsupported by the Bloop's current JVM version[0m
2025.02.13 10:23:36 INFO  compiling grade-school-test (1 scala source)[0m
2025.02.13 10:23:36 INFO  time: compiled grade-school-test in 0.3s[0m
2025.02.13 10:23:36 WARN  Bloop is running with 17.0.14 but your code requires 23.0.2 to compile, this might cause some compilation issues when using JDK API unsupported by the Bloop's current JVM version[0m
2025.02.13 10:23:36 WARN  Bloop is running with 17.0.14 but your code requires 23.0.2 to compile, this might cause some compilation issues when using JDK API unsupported by the Bloop's current JVM version[0m
2025.02.13 10:23:36 INFO  tracing is disabled for protocol dap-server, to enable tracing of incoming and outgoing JSON messages create an empty file at /Users/mailund/Code/exercism/scala/grade-school/.metals/dap-server.trace.json or /Users/mailund/Library/Caches/org.scalameta.metals/dap-server.trace.json[0m
2025.02.13 10:23:36 INFO  tracing is disabled for protocol dap-client, to enable tracing of incoming and outgoing JSON messages create an empty file at /Users/mailund/Code/exercism/scala/grade-school/.metals/dap-client.trace.json or /Users/mailund/Library/Caches/org.scalameta.metals/dap-client.trace.json[0m
2025.02.13 10:23:36 INFO  Starting debug proxy for [GradeSchoolTest(empty school)][0m
2025.02.13 10:23:36 INFO  Initialized Scala 3 decoder in 0 milliseconds[0m
2025.02.13 10:23:36 INFO  Trying to attach to remote debuggee VM localhost:60044 .[0m
2025.02.13 10:23:36 INFO  Attaching to debuggee VM succeeded.[0m
2025.02.13 10:23:36 INFO  Canceling debug proxy for [GradeSchoolTest(empty school)][0m
2025.02.13 10:23:37 INFO  Closing debug server tcp://0.0.0.0:60040[0m
2025.02.13 10:23:40 WARN  Bloop is running with 17.0.14 but your code requires 23.0.2 to compile, this might cause some compilation issues when using JDK API unsupported by the Bloop's current JVM version[0m
2025.02.13 10:23:40 WARN  Bloop is running with 17.0.14 but your code requires 23.0.2 to compile, this might cause some compilation issues when using JDK API unsupported by the Bloop's current JVM version[0m
2025.02.13 10:23:40 WARN  Bloop is running with 17.0.14 but your code requires 23.0.2 to compile, this might cause some compilation issues when using JDK API unsupported by the Bloop's current JVM version[0m
2025.02.13 10:23:40 WARN  Bloop is running with 17.0.14 but your code requires 23.0.2 to compile, this might cause some compilation issues when using JDK API unsupported by the Bloop's current JVM version[0m
2025.02.13 10:23:40 INFO  tracing is disabled for protocol dap-server, to enable tracing of incoming and outgoing JSON messages create an empty file at /Users/mailund/Code/exercism/scala/grade-school/.metals/dap-server.trace.json or /Users/mailund/Library/Caches/org.scalameta.metals/dap-server.trace.json[0m
2025.02.13 10:23:40 INFO  tracing is disabled for protocol dap-client, to enable tracing of incoming and outgoing JSON messages create an empty file at /Users/mailund/Code/exercism/scala/grade-school/.metals/dap-client.trace.json or /Users/mailund/Library/Caches/org.scalameta.metals/dap-client.trace.json[0m
2025.02.13 10:23:41 INFO  Starting debug proxy for [GradeSchoolTest(add student)][0m
2025.02.13 10:23:40 INFO  Initialized Scala 3 decoder in 0 milliseconds[0m
2025.02.13 10:23:40 INFO  Trying to attach to remote debuggee VM localhost:60055 .[0m
2025.02.13 10:23:40 INFO  Attaching to debuggee VM succeeded.[0m
2025.02.13 10:23:41 INFO  Canceling debug proxy for [GradeSchoolTest(add student)][0m
2025.02.13 10:23:40 INFO  Closing debug server tcp://0.0.0.0:60051[0m
2025.02.13 10:23:46 WARN  Bloop is running with 17.0.14 but your code requires 23.0.2 to compile, this might cause some compilation issues when using JDK API unsupported by the Bloop's current JVM version[0m
2025.02.13 10:23:46 WARN  Bloop is running with 17.0.14 but your code requires 23.0.2 to compile, this might cause some compilation issues when using JDK API unsupported by the Bloop's current JVM version[0m
2025.02.13 10:23:48 WARN  Bloop is running with 17.0.14 but your code requires 23.0.2 to compile, this might cause some compilation issues when using JDK API unsupported by the Bloop's current JVM version[0m
2025.02.13 10:23:48 WARN  Bloop is running with 17.0.14 but your code requires 23.0.2 to compile, this might cause some compilation issues when using JDK API unsupported by the Bloop's current JVM version[0m
2025.02.13 10:23:48 INFO  compiling grade-school-test (1 scala source)[0m
2025.02.13 10:23:48 INFO  time: compiled grade-school-test in 0.32s[0m
2025.02.13 10:23:49 WARN  Bloop is running with 17.0.14 but your code requires 23.0.2 to compile, this might cause some compilation issues when using JDK API unsupported by the Bloop's current JVM version[0m
2025.02.13 10:23:49 WARN  Bloop is running with 17.0.14 but your code requires 23.0.2 to compile, this might cause some compilation issues when using JDK API unsupported by the Bloop's current JVM version[0m
2025.02.13 10:23:49 WARN  Bloop is running with 17.0.14 but your code requires 23.0.2 to compile, this might cause some compilation issues when using JDK API unsupported by the Bloop's current JVM version[0m
2025.02.13 10:23:49 WARN  Bloop is running with 17.0.14 but your code requires 23.0.2 to compile, this might cause some compilation issues when using JDK API unsupported by the Bloop's current JVM version[0m
2025.02.13 10:23:50 INFO  tracing is disabled for protocol dap-server, to enable tracing of incoming and outgoing JSON messages create an empty file at /Users/mailund/Code/exercism/scala/grade-school/.metals/dap-server.trace.json or /Users/mailund/Library/Caches/org.scalameta.metals/dap-server.trace.json[0m
2025.02.13 10:23:50 INFO  tracing is disabled for protocol dap-client, to enable tracing of incoming and outgoing JSON messages create an empty file at /Users/mailund/Code/exercism/scala/grade-school/.metals/dap-client.trace.json or /Users/mailund/Library/Caches/org.scalameta.metals/dap-client.trace.json[0m
2025.02.13 10:23:50 INFO  Starting debug proxy for [GradeSchoolTest(add more students in same class)][0m
2025.02.13 10:23:49 INFO  Initialized Scala 3 decoder in 0 milliseconds[0m
2025.02.13 10:23:49 INFO  Trying to attach to remote debuggee VM localhost:60066 .[0m
2025.02.13 10:23:49 INFO  Attaching to debuggee VM succeeded.[0m
2025.02.13 10:23:50 INFO  Canceling debug proxy for [GradeSchoolTest(add more students in same class)][0m
2025.02.13 10:23:49 INFO  Closing debug server tcp://0.0.0.0:60062[0m
2025.02.13 10:24:01 WARN  Bloop is running with 17.0.14 but your code requires 23.0.2 to compile, this might cause some compilation issues when using JDK API unsupported by the Bloop's current JVM version[0m
2025.02.13 10:24:01 WARN  Bloop is running with 17.0.14 but your code requires 23.0.2 to compile, this might cause some compilation issues when using JDK API unsupported by the Bloop's current JVM version[0m
2025.02.13 10:24:01 INFO  compiling grade-school-test (1 scala source)[0m
2025.02.13 10:24:01 INFO  time: compiled grade-school-test in 0.3s[0m
2025.02.13 10:24:02 WARN  Bloop is running with 17.0.14 but your code requires 23.0.2 to compile, this might cause some compilation issues when using JDK API unsupported by the Bloop's current JVM version[0m
2025.02.13 10:24:02 WARN  Bloop is running with 17.0.14 but your code requires 23.0.2 to compile, this might cause some compilation issues when using JDK API unsupported by the Bloop's current JVM version[0m
2025.02.13 10:24:02 WARN  Bloop is running with 17.0.14 but your code requires 23.0.2 to compile, this might cause some compilation issues when using JDK API unsupported by the Bloop's current JVM version[0m
2025.02.13 10:24:02 WARN  Bloop is running with 17.0.14 but your code requires 23.0.2 to compile, this might cause some compilation issues when using JDK API unsupported by the Bloop's current JVM version[0m
2025.02.13 10:24:02 INFO  tracing is disabled for protocol dap-server, to enable tracing of incoming and outgoing JSON messages create an empty file at /Users/mailund/Code/exercism/scala/grade-school/.metals/dap-server.trace.json or /Users/mailund/Library/Caches/org.scalameta.metals/dap-server.trace.json[0m
2025.02.13 10:24:02 INFO  tracing is disabled for protocol dap-client, to enable tracing of incoming and outgoing JSON messages create an empty file at /Users/mailund/Code/exercism/scala/grade-school/.metals/dap-client.trace.json or /Users/mailund/Library/Caches/org.scalameta.metals/dap-client.trace.json[0m
2025.02.13 10:24:02 INFO  Starting debug proxy for [GradeSchoolTest(add students to different grades)][0m
2025.02.13 10:24:02 INFO  Initialized Scala 3 decoder in 0 milliseconds[0m
2025.02.13 10:24:02 INFO  Trying to attach to remote debuggee VM localhost:60079 .[0m
2025.02.13 10:24:02 INFO  Attaching to debuggee VM succeeded.[0m
2025.02.13 10:24:03 INFO  Canceling debug proxy for [GradeSchoolTest(add students to different grades)][0m
2025.02.13 10:24:02 INFO  Closing debug server tcp://0.0.0.0:60075[0m
2025.02.13 10:24:11 WARN  Bloop is running with 17.0.14 but your code requires 23.0.2 to compile, this might cause some compilation issues when using JDK API unsupported by the Bloop's current JVM version[0m
2025.02.13 10:24:35 WARN  Bloop is running with 17.0.14 but your code requires 23.0.2 to compile, this might cause some compilation issues when using JDK API unsupported by the Bloop's current JVM version[0m
2025.02.13 10:24:35 INFO  compiling grade-school (1 scala source)[0m
2025.02.13 10:24:35 INFO  time: compiled grade-school in 0.11s[0m
2025.02.13 10:24:36 WARN  Bloop is running with 17.0.14 but your code requires 23.0.2 to compile, this might cause some compilation issues when using JDK API unsupported by the Bloop's current JVM version[0m
2025.02.13 10:24:36 WARN  Bloop is running with 17.0.14 but your code requires 23.0.2 to compile, this might cause some compilation issues when using JDK API unsupported by the Bloop's current JVM version[0m
2025.02.13 10:24:38 WARN  Bloop is running with 17.0.14 but your code requires 23.0.2 to compile, this might cause some compilation issues when using JDK API unsupported by the Bloop's current JVM version[0m
2025.02.13 10:24:38 WARN  Bloop is running with 17.0.14 but your code requires 23.0.2 to compile, this might cause some compilation issues when using JDK API unsupported by the Bloop's current JVM version[0m
2025.02.13 10:24:38 INFO  compiling grade-school-test (1 scala source)[0m
2025.02.13 10:24:38 INFO  time: compiled grade-school-test in 0.32s[0m
2025.02.13 10:24:39 WARN  Bloop is running with 17.0.14 but your code requires 23.0.2 to compile, this might cause some compilation issues when using JDK API unsupported by the Bloop's current JVM version[0m
2025.02.13 10:24:39 WARN  Bloop is running with 17.0.14 but your code requires 23.0.2 to compile, this might cause some compilation issues when using JDK API unsupported by the Bloop's current JVM version[0m
2025.02.13 10:24:39 WARN  Bloop is running with 17.0.14 but your code requires 23.0.2 to compile, this might cause some compilation issues when using JDK API unsupported by the Bloop's current JVM version[0m
2025.02.13 10:24:39 WARN  Bloop is running with 17.0.14 but your code requires 23.0.2 to compile, this might cause some compilation issues when using JDK API unsupported by the Bloop's current JVM version[0m
2025.02.13 10:24:39 INFO  tracing is disabled for protocol dap-server, to enable tracing of incoming and outgoing JSON messages create an empty file at /Users/mailund/Code/exercism/scala/grade-school/.metals/dap-server.trace.json or /Users/mailund/Library/Caches/org.scalameta.metals/dap-server.trace.json[0m
2025.02.13 10:24:39 INFO  tracing is disabled for protocol dap-client, to enable tracing of incoming and outgoing JSON messages create an empty file at /Users/mailund/Code/exercism/scala/grade-school/.metals/dap-client.trace.json or /Users/mailund/Library/Caches/org.scalameta.metals/dap-client.trace.json[0m
2025.02.13 10:24:39 INFO  Starting debug proxy for [GradeSchoolTest(get students in a grade)][0m
2025.02.13 10:24:39 INFO  Initialized Scala 3 decoder in 1 millisecond[0m
2025.02.13 10:24:39 INFO  Trying to attach to remote debuggee VM localhost:60095 .[0m
2025.02.13 10:24:39 INFO  Attaching to debuggee VM succeeded.[0m
2025.02.13 10:24:40 INFO  Canceling debug proxy for [GradeSchoolTest(get students in a grade)][0m
2025.02.13 10:24:39 INFO  Closing debug server tcp://0.0.0.0:60091[0m
2025.02.13 10:24:47 WARN  Bloop is running with 17.0.14 but your code requires 23.0.2 to compile, this might cause some compilation issues when using JDK API unsupported by the Bloop's current JVM version[0m
2025.02.13 10:24:47 WARN  Bloop is running with 17.0.14 but your code requires 23.0.2 to compile, this might cause some compilation issues when using JDK API unsupported by the Bloop's current JVM version[0m
2025.02.13 10:24:47 INFO  compiling grade-school-test (1 scala source)[0m
2025.02.13 10:24:47 INFO  time: compiled grade-school-test in 0.32s[0m
2025.02.13 10:24:48 WARN  Bloop is running with 17.0.14 but your code requires 23.0.2 to compile, this might cause some compilation issues when using JDK API unsupported by the Bloop's current JVM version[0m
2025.02.13 10:24:48 WARN  Bloop is running with 17.0.14 but your code requires 23.0.2 to compile, this might cause some compilation issues when using JDK API unsupported by the Bloop's current JVM version[0m
2025.02.13 10:24:48 WARN  Bloop is running with 17.0.14 but your code requires 23.0.2 to compile, this might cause some compilation issues when using JDK API unsupported by the Bloop's current JVM version[0m
2025.02.13 10:24:48 WARN  Bloop is running with 17.0.14 but your code requires 23.0.2 to compile, this might cause some compilation issues when using JDK API unsupported by the Bloop's current JVM version[0m
2025.02.13 10:24:48 INFO  tracing is disabled for protocol dap-server, to enable tracing of incoming and outgoing JSON messages create an empty file at /Users/mailund/Code/exercism/scala/grade-school/.metals/dap-server.trace.json or /Users/mailund/Library/Caches/org.scalameta.metals/dap-server.trace.json[0m
2025.02.13 10:24:48 INFO  tracing is disabled for protocol dap-client, to enable tracing of incoming and outgoing JSON messages create an empty file at /Users/mailund/Code/exercism/scala/grade-school/.metals/dap-client.trace.json or /Users/mailund/Library/Caches/org.scalameta.metals/dap-client.trace.json[0m
2025.02.13 10:24:48 INFO  Starting debug proxy for [GradeSchoolTest(get students in a non-existent grade)][0m
2025.02.13 10:24:48 INFO  Initialized Scala 3 decoder in 0 milliseconds[0m
2025.02.13 10:24:48 INFO  Trying to attach to remote debuggee VM localhost:60112 .[0m
2025.02.13 10:24:48 INFO  Attaching to debuggee VM succeeded.[0m
2025.02.13 10:24:49 INFO  Canceling debug proxy for [GradeSchoolTest(get students in a non-existent grade)][0m
2025.02.13 10:24:48 INFO  Closing debug server tcp://0.0.0.0:60108[0m
2025.02.13 10:25:19 WARN  Bloop is running with 17.0.14 but your code requires 23.0.2 to compile, this might cause some compilation issues when using JDK API unsupported by the Bloop's current JVM version[0m
2025.02.13 10:25:27 WARN  Bloop is running with 17.0.14 but your code requires 23.0.2 to compile, this might cause some compilation issues when using JDK API unsupported by the Bloop's current JVM version[0m
2025.02.13 10:25:27 INFO  compiling grade-school (1 scala source)[0m
2025.02.13 10:25:27 INFO  time: compiled grade-school in 0.14s[0m
2025.02.13 10:25:34 WARN  Bloop is running with 17.0.14 but your code requires 23.0.2 to compile, this might cause some compilation issues when using JDK API unsupported by the Bloop's current JVM version[0m
2025.02.13 10:25:34 WARN  Bloop is running with 17.0.14 but your code requires 23.0.2 to compile, this might cause some compilation issues when using JDK API unsupported by the Bloop's current JVM version[0m
2025.02.13 10:25:37 WARN  Bloop is running with 17.0.14 but your code requires 23.0.2 to compile, this might cause some compilation issues when using JDK API unsupported by the Bloop's current JVM version[0m
2025.02.13 10:25:37 WARN  Bloop is running with 17.0.14 but your code requires 23.0.2 to compile, this might cause some compilation issues when using JDK API unsupported by the Bloop's current JVM version[0m
2025.02.13 10:25:37 INFO  compiling grade-school-test (1 scala source)[0m
2025.02.13 10:25:37 INFO  time: compiled grade-school-test in 0.26s[0m
2025.02.13 10:25:37 WARN  Bloop is running with 17.0.14 but your code requires 23.0.2 to compile, this might cause some compilation issues when using JDK API unsupported by the Bloop's current JVM version[0m
2025.02.13 10:25:37 WARN  Bloop is running with 17.0.14 but your code requires 23.0.2 to compile, this might cause some compilation issues when using JDK API unsupported by the Bloop's current JVM version[0m
2025.02.13 10:25:37 WARN  Bloop is running with 17.0.14 but your code requires 23.0.2 to compile, this might cause some compilation issues when using JDK API unsupported by the Bloop's current JVM version[0m
2025.02.13 10:25:37 WARN  Bloop is running with 17.0.14 but your code requires 23.0.2 to compile, this might cause some compilation issues when using JDK API unsupported by the Bloop's current JVM version[0m
2025.02.13 10:25:37 WARN  Bloop is running with 17.0.14 but your code requires 23.0.2 to compile, this might cause some compilation issues when using JDK API unsupported by the Bloop's current JVM version[0m
2025.02.13 10:25:37 WARN  Bloop is running with 17.0.14 but your code requires 23.0.2 to compile, this might cause some compilation issues when using JDK API unsupported by the Bloop's current JVM version[0m
2025.02.13 10:25:37 INFO  tracing is disabled for protocol dap-server, to enable tracing of incoming and outgoing JSON messages create an empty file at /Users/mailund/Code/exercism/scala/grade-school/.metals/dap-server.trace.json or /Users/mailund/Library/Caches/org.scalameta.metals/dap-server.trace.json[0m
2025.02.13 10:25:37 INFO  tracing is disabled for protocol dap-client, to enable tracing of incoming and outgoing JSON messages create an empty file at /Users/mailund/Code/exercism/scala/grade-school/.metals/dap-client.trace.json or /Users/mailund/Library/Caches/org.scalameta.metals/dap-client.trace.json[0m
2025.02.13 10:25:37 INFO  Starting debug proxy for [GradeSchoolTest(sort school)][0m
2025.02.13 10:25:37 INFO  Initialized Scala 3 decoder in 0 milliseconds[0m
2025.02.13 10:25:37 INFO  Trying to attach to remote debuggee VM localhost:60132 .[0m
2025.02.13 10:25:37 INFO  Attaching to debuggee VM succeeded.[0m
2025.02.13 10:25:38 INFO  Canceling debug proxy for [GradeSchoolTest(sort school)][0m
2025.02.13 10:25:38 INFO  Closing debug server tcp://0.0.0.0:60128[0m
2025.02.13 10:25:47 WARN  Bloop is running with 17.0.14 but your code requires 23.0.2 to compile, this might cause some compilation issues when using JDK API unsupported by the Bloop's current JVM version[0m
Feb 13, 2025 10:25:55 AM org.eclipse.lsp4j.jsonrpc.RemoteEndpoint fallbackResponseError
SEVERE: Internal error: java.lang.StringIndexOutOfBoundsException: Range [259, 295) out of bounds for length 286
java.util.concurrent.CompletionException: java.lang.StringIndexOutOfBoundsException: Range [259, 295) out of bounds for length 286
	at java.base/java.util.concurrent.CompletableFuture.wrapInCompletionException(CompletableFuture.java:323)
	at java.base/java.util.concurrent.CompletableFuture.encodeThrowable(CompletableFuture.java:376)
	at java.base/java.util.concurrent.CompletableFuture.completeThrowable(CompletableFuture.java:391)
	at java.base/java.util.concurrent.CompletableFuture$UniAccept.tryFire(CompletableFuture.java:752)
	at java.base/java.util.concurrent.CompletableFuture.postComplete(CompletableFuture.java:554)
	at java.base/java.util.concurrent.CompletableFuture.completeExceptionally(CompletableFuture.java:2238)
	at scala.meta.internal.metals.CancelTokens$.$anonfun$future$1(CancelTokens.scala:40)
	at scala.meta.internal.metals.CancelTokens$.$anonfun$future$1$adapted(CancelTokens.scala:38)
	at scala.concurrent.impl.Promise$Transformation.run(Promise.scala:484)
	at java.base/java.util.concurrent.ThreadPoolExecutor.runWorker(ThreadPoolExecutor.java:1144)
	at java.base/java.util.concurrent.ThreadPoolExecutor$Worker.run(ThreadPoolExecutor.java:642)
	at java.base/java.lang.Thread.run(Thread.java:1575)
Caused by: java.lang.StringIndexOutOfBoundsException: Range [259, 295) out of bounds for length 286
	at java.base/jdk.internal.util.Preconditions$1.apply(Preconditions.java:55)
	at java.base/jdk.internal.util.Preconditions$1.apply(Preconditions.java:52)
	at java.base/jdk.internal.util.Preconditions$4.apply(Preconditions.java:213)
	at java.base/jdk.internal.util.Preconditions$4.apply(Preconditions.java:210)
	at java.base/jdk.internal.util.Preconditions.outOfBounds(Preconditions.java:98)
	at java.base/jdk.internal.util.Preconditions.outOfBoundsCheckFromToIndex(Preconditions.java:112)
	at java.base/jdk.internal.util.Preconditions.checkFromToIndex(Preconditions.java:349)
	at java.base/java.lang.String.checkBoundsBeginEnd(String.java:4963)
	at java.base/java.lang.String.substring(String.java:2925)
	at scala.meta.internal.metals.codeactions.FlatMapToForComprehensionCodeAction.getIndentForPos(FlatMapToForComprehensionCodeAction.scala:679)
	at scala.meta.internal.metals.codeactions.FlatMapToForComprehensionCodeAction.$anonfun$contribute$4(FlatMapToForComprehensionCodeAction.scala:59)
	at scala.Option.map(Option.scala:242)
	at scala.meta.internal.metals.codeactions.FlatMapToForComprehensionCodeAction.$anonfun$contribute$3(FlatMapToForComprehensionCodeAction.scala:55)
	at scala.Option.flatMap(Option.scala:283)
	at scala.meta.internal.metals.codeactions.FlatMapToForComprehensionCodeAction.$anonfun$contribute$2(FlatMapToForComprehensionCodeAction.scala:54)
	at scala.Option.flatMap(Option.scala:283)
	at scala.meta.internal.metals.codeactions.FlatMapToForComprehensionCodeAction.$anonfun$contribute$1(FlatMapToForComprehensionCodeAction.scala:53)
	at scala.concurrent.Future$.$anonfun$apply$1(Future.scala:687)
	at scala.concurrent.impl.Promise$Transformation.run(Promise.scala:467)
	... 3 more

2025.02.13 10:26:06 WARN  Bloop is running with 17.0.14 but your code requires 23.0.2 to compile, this might cause some compilation issues when using JDK API unsupported by the Bloop's current JVM version[0m
2025.02.13 10:26:06 INFO  compiling grade-school (1 scala source)[0m
2025.02.13 10:26:06 WARN  there was 1 deprecation warning; re-run with -deprecation for details[0m
2025.02.13 10:26:06 INFO  time: compiled grade-school in 0.15s[0m
2025.02.13 10:26:10 WARN  Bloop is running with 17.0.14 but your code requires 23.0.2 to compile, this might cause some compilation issues when using JDK API unsupported by the Bloop's current JVM version[0m
2025.02.13 10:26:10 WARN  Bloop is running with 17.0.14 but your code requires 23.0.2 to compile, this might cause some compilation issues when using JDK API unsupported by the Bloop's current JVM version[0m
2025.02.13 10:26:10 WARN  Bloop is running with 17.0.14 but your code requires 23.0.2 to compile, this might cause some compilation issues when using JDK API unsupported by the Bloop's current JVM version[0m
2025.02.13 10:26:10 WARN  Bloop is running with 17.0.14 but your code requires 23.0.2 to compile, this might cause some compilation issues when using JDK API unsupported by the Bloop's current JVM version[0m
2025.02.13 10:26:10 INFO  tracing is disabled for protocol dap-server, to enable tracing of incoming and outgoing JSON messages create an empty file at /Users/mailund/Code/exercism/scala/grade-school/.metals/dap-server.trace.json or /Users/mailund/Library/Caches/org.scalameta.metals/dap-server.trace.json[0m
2025.02.13 10:26:10 INFO  tracing is disabled for protocol dap-client, to enable tracing of incoming and outgoing JSON messages create an empty file at /Users/mailund/Code/exercism/scala/grade-school/.metals/dap-client.trace.json or /Users/mailund/Library/Caches/org.scalameta.metals/dap-client.trace.json[0m
2025.02.13 10:26:11 INFO  Starting debug proxy for [GradeSchoolTest(sort school)][0m
2025.02.13 10:26:10 INFO  Initialized Scala 3 decoder in 0 milliseconds[0m
2025.02.13 10:26:10 INFO  Trying to attach to remote debuggee VM localhost:60150 .[0m
2025.02.13 10:26:10 INFO  Attaching to debuggee VM succeeded.[0m
2025.02.13 10:26:11 INFO  Canceling debug proxy for [GradeSchoolTest(sort school)][0m
2025.02.13 10:26:10 INFO  Closing debug server tcp://0.0.0.0:60146[0m
2025.02.13 10:26:16 WARN  Bloop is running with 17.0.14 but your code requires 23.0.2 to compile, this might cause some compilation issues when using JDK API unsupported by the Bloop's current JVM version[0m
2025.02.13 10:26:16 WARN  Bloop is running with 17.0.14 but your code requires 23.0.2 to compile, this might cause some compilation issues when using JDK API unsupported by the Bloop's current JVM version[0m
2025.02.13 10:26:16 WARN  Bloop is running with 17.0.14 but your code requires 23.0.2 to compile, this might cause some compilation issues when using JDK API unsupported by the Bloop's current JVM version[0m
2025.02.13 10:26:16 WARN  Bloop is running with 17.0.14 but your code requires 23.0.2 to compile, this might cause some compilation issues when using JDK API unsupported by the Bloop's current JVM version[0m
Feb 13, 2025 10:26:19 AM org.eclipse.lsp4j.jsonrpc.services.GenericEndpoint notify
WARNING: Unsupported notification method: metals/windowStateDidChange
2025.02.13 10:27:01 WARN  Bloop is running with 17.0.14 but your code requires 23.0.2 to compile, this might cause some compilation issues when using JDK API unsupported by the Bloop's current JVM version[0m
Feb 13, 2025 10:27:01 AM org.eclipse.lsp4j.jsonrpc.services.GenericEndpoint notify
WARNING: Unsupported notification method: metals/windowStateDidChange
Feb 13, 2025 10:27:15 AM org.eclipse.lsp4j.jsonrpc.services.GenericEndpoint notify
WARNING: Unsupported notification method: metals/windowStateDidChange
Feb 13, 2025 10:27:48 AM org.eclipse.lsp4j.jsonrpc.services.GenericEndpoint notify
WARNING: Unsupported notification method: metals/windowStateDidChange
Feb 13, 2025 10:28:51 AM org.eclipse.lsp4j.jsonrpc.services.GenericEndpoint notify
WARNING: Unsupported notification method: metals/windowStateDidChange
Feb 13, 2025 10:28:51 AM org.eclipse.lsp4j.jsonrpc.services.GenericEndpoint notify
WARNING: Unsupported notification method: metals/windowStateDidChange
2025.02.13 10:28:51 INFO  Shutting down server[0m
2025.02.13 10:28:51 INFO  shutting down Metals[0m
2025.02.13 10:28:51 INFO  Shut down connection with build server.[0m
2025.02.13 10:28:51 INFO  Shut down connection with build server.[0m
2025.02.13 10:28:51 ERROR Unexpected error initializing server: 
org.eclipse.lsp4j.jsonrpc.ResponseErrorException: Request window/showMessageRequest failed with message: Canceled
	at org.eclipse.lsp4j.jsonrpc.RemoteEndpoint.handleResponse(RemoteEndpoint.java:220)
	at org.eclipse.lsp4j.jsonrpc.RemoteEndpoint.consume(RemoteEndpoint.java:204)
	at org.eclipse.lsp4j.jsonrpc.json.StreamMessageProducer.handleMessage(StreamMessageProducer.java:185)
	at org.eclipse.lsp4j.jsonrpc.json.StreamMessageProducer.listen(StreamMessageProducer.java:97)
	at org.eclipse.lsp4j.jsonrpc.json.ConcurrentMessageProcessor.run(ConcurrentMessageProcessor.java:114)
	at java.util.concurrent.Executors$RunnableAdapter.call(Executors.java:572)
	at java.util.concurrent.FutureTask.run(FutureTask.java:317)
	at java.util.concurrent.ThreadPoolExecutor.runWorker(ThreadPoolExecutor.java:1144)
	at java.util.concurrent.ThreadPoolExecutor$Worker.run(ThreadPoolExecutor.java:642)
	at java.lang.Thread.run(Thread.java:1575)
[0m
2025.02.13 10:28:51 INFO  Exiting server[0m
